c:\users\ahmed\desktop\assignment 5\pbr_solution\vs\x64\debug\assignment 5.lib
c:\users\ahmed\desktop\assignment 5\pbr_solution\vs\x64\debug\assignment 5.exp
c:\users\ahmed\desktop\assignment 5\pbr_solution\vs\x64\debug\vc142.pdb
c:\users\ahmed\desktop\assignment 5\pbr_solution\vs\x64\debug\vc142.idb
c:\users\ahmed\desktop\assignment 5\pbr_solution\vs\x64\debug\pbr.obj
c:\users\ahmed\desktop\assignment 5\pbr_solution\vs\x64\debug\imgui_widgets.obj
c:\users\ahmed\desktop\assignment 5\pbr_solution\vs\x64\debug\imgui_impl_opengl3.obj
c:\users\ahmed\desktop\assignment 5\pbr_solution\vs\x64\debug\imgui_impl_glfw.obj
c:\users\ahmed\desktop\assignment 5\pbr_solution\vs\x64\debug\imgui_draw.obj
c:\users\ahmed\desktop\assignment 5\pbr_solution\vs\x64\debug\imgui.obj
c:\users\ahmed\desktop\assignment 5\pbr_solution\vs\x64\debug\glad.obj
c:\users\ahmed\desktop\assignment 5\pbr_solution\vs\x64\debug\assignment 5.ilk
c:\users\ahmed\desktop\assignment 5\pbr_solution\vs\x64\debug\assignment 5.exe
c:\users\ahmed\desktop\assignment 5\pbr_solution\vs\x64\debug\assignment 5.pdb
c:\users\ahmed\desktop\assignment 5\pbr_solution\vs\x64\debug\assignment 5.tlog\assignment 5.write.1u.tlog
c:\users\ahmed\desktop\assignment 5\pbr_solution\vs\x64\debug\assignment 5.tlog\cl.command.1.tlog
c:\users\ahmed\desktop\assignment 5\pbr_solution\vs\x64\debug\assignment 5.tlog\cl.read.1.tlog
c:\users\ahmed\desktop\assignment 5\pbr_solution\vs\x64\debug\assignment 5.tlog\cl.write.1.tlog
c:\users\ahmed\desktop\assignment 5\pbr_solution\vs\x64\debug\assignment 5.tlog\link.command.1.tlog
c:\users\ahmed\desktop\assignment 5\pbr_solution\vs\x64\debug\assignment 5.tlog\link.read.1.tlog
c:\users\ahmed\desktop\assignment 5\pbr_solution\vs\x64\debug\assignment 5.tlog\link.write.1.tlog
